<?xml version="1.0" encoding="UTF-8"?>
<!-- Generated by org.testng.reporters.JUnitReportReporter -->
<testsuite hostname="Nithya" failures="0" tests="1" name="TestCase.QaLegend_TestCase" time="14.778" errors="0" timestamp="2024-07-18T20:20:26 IST" skipped="0">
  <testcase classname="TestCase.QaLegend_TestCase" name="editdetailsnote" time="14.778"/>
</testsuite> <!-- TestCase.QaLegend_TestCase -->
