<?xml version="1.0" encoding="UTF-8"?>
<!-- Generated by org.testng.reporters.JUnitReportReporter -->
<testsuite hostname="Nithya" failures="0" tests="1" name="TestCase.QaLegend_TestCase" time="9.155" errors="0" timestamp="2024-06-25T07:22:22 IST" skipped="0">
  <testcase classname="TestCase.QaLegend_TestCase" name="loginToQaLegendApp" time="9.155"/>
</testsuite> <!-- TestCase.QaLegend_TestCase -->
