<?xml version="1.0" encoding="UTF-8"?>
<!-- Generated by org.testng.reporters.JUnitReportReporter -->
<testsuite hostname="Nithya" failures="0" tests="1" name="TestCase.QaLegend_TestCase" time="9.691" errors="0" timestamp="2024-07-02T22:57:17 IST" skipped="0">
  <testcase classname="TestCase.QaLegend_TestCase" name="editdetailsnote" time="9.691"/>
</testsuite> <!-- TestCase.QaLegend_TestCase -->
