<?xml version="1.0" encoding="UTF-8"?>
<!-- Generated by org.testng.reporters.JUnitReportReporter -->
<testsuite hostname="Nithya" failures="0" tests="1" name="TestCase.QaLegend_TestCase" time="11.633" errors="0" timestamp="2024-07-07T20:13:13 IST" skipped="0">
  <testcase classname="TestCase.QaLegend_TestCase" name="teammemberslist" time="11.633"/>
</testsuite> <!-- TestCase.QaLegend_TestCase -->
