<?xml version="1.0" encoding="UTF-8"?>
<!-- Generated by org.testng.reporters.JUnitReportReporter -->
<testsuite hostname="Nithya" failures="0" tests="1" name="TestCase.QaLegend_TestCase" time="12.313" errors="0" timestamp="2024-06-23T17:08:03 IST" skipped="0">
  <testcase classname="TestCase.QaLegend_TestCase" name="loginToQaLegendApp" time="12.313"/>
</testsuite> <!-- TestCase.QaLegend_TestCase -->
